生成启动时间为 2020/4/26 13:34:34。
     1>项目“G:\c语言\练习1\练习1\练习1.vcxproj”在节点 2 上(build 个目标)。
     1>InitializeBuildStatus:
         正在创建“Release\练习1.unsuccessfulbuild”，因为已指定“AlwaysCreate”。
       ClCompile:
         G:\Microsoft Visual Studio\Installer\zh-hant\VC\bin\CL.exe /c /Zi /nologo /W3 /WX- /O2 /Oi /Oy- /GL /D WIN32 /D NDEBUG /D _CONSOLE /D _UNICODE /D UNICODE /Gm- /EHsc /MD /GS /Gy /fp:precise /Zc:wchar_t /Zc:forScope /Fo"Release\\" /Fd"Release\vc100.pdb" /Gd /TP /analyze- /errorReport:prompt "练习.cpp"
         练习.cpp
       Link:
         G:\Microsoft Visual Studio\Installer\zh-hant\VC\bin\link.exe /ERRORREPORT:PROMPT /OUT:"G:\c语言\练习1\Release\练习1.exe" /INCREMENTAL:NO /NOLOGO kernel32.lib user32.lib gdi32.lib winspool.lib comdlg32.lib advapi32.lib shell32.lib ole32.lib oleaut32.lib uuid.lib odbc32.lib odbccp32.lib /MANIFEST /ManifestFile:"Release\练习1.exe.intermediate.manifest" /MANIFESTUAC:"level='asInvoker' uiAccess='false'" /DEBUG /PDB:"G:\c语言\练习1\Release\练习1.pdb" /SUBSYSTEM:CONSOLE /OPT:REF /OPT:ICF /LTCG /TLBID:1 /DYNAMICBASE /NXCOMPAT /IMPLIB:"G:\c语言\练习1\Release\练习1.lib" /MACHINE:X86 "Release\练习.obj"
         正在生成代码
         已完成代码的生成
         练习1.vcxproj -> G:\c语言\练习1\Release\练习1.exe
       Manifest:
         c:\Program Files (x86)\Microsoft SDKs\Windows\v7.0A\bin\mt.exe /nologo /verbose /outputresource:"G:\c语言\练习1\Release\练习1.exe;#1" /manifest "Release\练习1.exe.intermediate.manifest"
       FinalizeBuildStatus:
         正在删除文件“Release\练习1.unsuccessfulbuild”。
         正在对“Release\练习1.lastbuildstate”执行 Touch 任务。
     1>已完成生成项目“G:\c语言\练习1\练习1\练习1.vcxproj”(build 个目标)的操作。

生成成功。

已用时间 00:00:00.74
