生成启动时间为 2020/10/18 19:15:36。
     1>项目“G:\cpp\SaleSystem\SaleSystem\SaleSystem.vcxproj”在节点 2 上(build 个目标)。
     1>InitializeBuildStatus:
         正在创建“Debug\SaleSystem.unsuccessfulbuild”，因为已指定“AlwaysCreate”。
       ClCompile:
         所有输出均为最新。
         G:\Microsoft Visual Studio\Installer\zh-hant\VC\bin\CL.exe /c /ZI /nologo /W3 /WX- /Od /Oy- /D WIN32 /D _WINDOWS /D _DEBUG /D _CRT_SECURE_NO_WARNINGS /D _UNICODE /D UNICODE /D _AFXDLL /Gm /EHsc /RTC1 /MDd /GS /fp:precise /Zc:wchar_t /Zc:forScope /Yu"StdAfx.h" /Fp"Debug\SaleSystem.pch" /Fo"Debug\\" /Fd"Debug\vc100.pdb" /Gd /TP /analyze- /errorReport:prompt MainFrm.cpp
         MainFrm.cpp
       ResourceCompile:
         所有输出均为最新。
       ManifestResourceCompile:
         所有输出均为最新。
       Link:
         G:\Microsoft Visual Studio\Installer\zh-hant\VC\bin\link.exe /ERRORREPORT:PROMPT /OUT:"G:\cpp\SaleSystem\Debug\SaleSystem.exe" /INCREMENTAL /NOLOGO /MANIFEST /ManifestFile:"Debug\SaleSystem.exe.intermediate.manifest" /MANIFESTUAC:"level='asInvoker' uiAccess='false'" /DEBUG /PDB:"G:\cpp\SaleSystem\Debug\SaleSystem.pdb" /SUBSYSTEM:WINDOWS /TLBID:1 /ENTRY:"wWinMainCRTStartup" /DYNAMICBASE /NXCOMPAT /IMPLIB:"G:\cpp\SaleSystem\Debug\SaleSystem.lib" /MACHINE:X86 Debug\SaleSystem.res
         Debug\SaleSystem.exe.embed.manifest.res
         Debug\AddDlg.obj
         Debug\DelDlg.obj
         Debug\DispalyView.obj
         Debug\InfoDlg.obj
         Debug\InfoFile.obj
         Debug\LoginDlg.obj
         Debug\MainFrm.obj
         Debug\SaleSystem.obj
         Debug\SaleSystemDoc.obj
         Debug\SaleSystemView.obj
         Debug\SelectView.obj
         Debug\SellDlg.obj
         Debug\stdafx.obj
         Debug\UserDlg.obj
       Manifest:
         c:\Program Files (x86)\Microsoft SDKs\Windows\v7.0A\bin\mt.exe /nologo /verbose /out:"Debug\SaleSystem.exe.embed.manifest" /manifest Debug\SaleSystem.exe.intermediate.manifest "G:\Microsoft Visual Studio\Installer\zh-hant\VC\Include\Manifest\dpiaware.manifest"
         所有输出均为最新。
       LinkEmbedManifest:
         所有输出均为最新。
         SaleSystem.vcxproj -> G:\cpp\SaleSystem\Debug\SaleSystem.exe
       FinalizeBuildStatus:
         正在删除文件“Debug\SaleSystem.unsuccessfulbuild”。
         正在对“Debug\SaleSystem.lastbuildstate”执行 Touch 任务。
     1>已完成生成项目“G:\cpp\SaleSystem\SaleSystem\SaleSystem.vcxproj”(build 个目标)的操作。

生成成功。

已用时间 00:00:01.10
